2025-10-02 19:21:32 - __main__ - INFO - ================================================================================
2025-10-02 19:21:32 - __main__ - INFO - 每日总结工作流启动
2025-10-02 19:21:32 - __main__ - INFO - ================================================================================
2025-10-02 19:21:32 - __main__ - INFO - 正在初始化客户端...
2025-10-02 19:21:32 - __main__ - INFO - 使用QQ邮箱客户端...
2025-10-02 19:21:32 - __main__ - INFO - ✓ QQ邮箱客户端初始化成功
2025-10-02 19:21:32 - __main__ - INFO - ✓ AI客户端初始化成功
2025-10-02 19:21:32 - __main__ - INFO - ✓ 调度器初始化成功
2025-10-02 19:21:32 - __main__ - INFO - 执行模式: 立即执行一次
2025-10-02 19:21:32 - __main__ - INFO - ================================================================================
2025-10-02 19:21:32 - __main__ - INFO - 开始执行每日总结任务 - 2025-10-02 11:21:32
2025-10-02 19:21:32 - __main__ - INFO - ================================================================================
2025-10-02 19:21:32 - __main__ - INFO - 步骤 1/4: 读取邮件...
2025-10-02 19:21:32 - workflow_tools.email.base.generic_imap_client - INFO - 正在连接到IMAP服务器 imap.qq.com:993...
2025-10-02 19:21:33 - workflow_tools.email.base.generic_imap_client - INFO - 正在登录...
2025-10-02 19:21:33 - workflow_tools.email.base.generic_imap_client - INFO - 成功连接到IMAP服务器 (imap.qq.com)
2025-10-02 19:21:34 - workflow_tools.email.base.generic_imap_client - INFO - 找到 0 封符合条件的邮件
2025-10-02 19:21:34 - workflow_tools.email.base.generic_imap_client - INFO - 成功获取 0 封邮件 (从 0 封中过滤)
2025-10-02 19:21:34 - __main__ - INFO - 未找到符合条件的邮件，本次任务结束
2025-10-02 19:21:34 - __main__ - INFO - 历史记录已保存: /Users/jeff/Documents/文稿 - Zhe的Mac mini/codes/daily_summary_outlook/history/history_20251002_112134.json
2025-10-02 19:21:34 - __main__ - INFO - ================================================================================
2025-10-02 19:21:34 - __main__ - INFO - 任务执行完成，程序退出
2025-10-02 19:21:34 - __main__ - INFO - 收到退出信号，正在关闭...
2025-10-02 19:21:34 - workflow_tools.scheduler.apscheduler_client - WARNING - 调度器未运行
2025-10-02 19:21:34 - __main__ - INFO - 程序已退出
2025-10-02 19:29:37 - __main__ - INFO - ================================================================================
2025-10-02 19:29:37 - __main__ - INFO - 每日总结工作流启动
2025-10-02 19:29:37 - __main__ - INFO - ================================================================================
2025-10-02 19:29:37 - __main__ - INFO - 正在初始化客户端...
2025-10-02 19:29:37 - __main__ - INFO - 使用QQ邮箱客户端...
2025-10-02 19:29:37 - __main__ - INFO - ✓ QQ邮箱客户端初始化成功
2025-10-02 19:29:37 - __main__ - INFO - ✓ AI客户端初始化成功
2025-10-02 19:29:37 - __main__ - INFO - ✓ 调度器初始化成功
2025-10-02 19:29:37 - __main__ - INFO - 执行模式: 立即执行一次
2025-10-02 19:29:37 - __main__ - INFO - ================================================================================
2025-10-02 19:29:37 - __main__ - INFO - 开始执行每日总结任务 - 2025-10-02 11:29:37
2025-10-02 19:29:37 - __main__ - INFO - ================================================================================
2025-10-02 19:29:37 - __main__ - INFO - 步骤 1/4: 读取邮件...
2025-10-02 19:29:37 - workflow_tools.email.base.generic_imap_client - INFO - 正在连接到IMAP服务器 imap.qq.com:993...
2025-10-02 19:29:37 - workflow_tools.email.base.generic_imap_client - INFO - 正在登录...
2025-10-02 19:29:38 - workflow_tools.email.base.generic_imap_client - INFO - 成功连接到IMAP服务器 (imap.qq.com)
2025-10-02 19:29:38 - workflow_tools.email.base.generic_imap_client - INFO - 找到 2 封符合条件的邮件
2025-10-02 19:29:38 - workflow_tools.email.base.generic_imap_client - INFO - 成功获取 0 封邮件 (从 2 封中过滤)
2025-10-02 19:29:38 - __main__ - INFO - 未找到符合条件的邮件，本次任务结束
2025-10-02 19:29:38 - __main__ - INFO - 历史记录已保存: /Users/jeff/Documents/文稿 - Zhe的Mac mini/codes/daily_summary_outlook/history/history_20251002_112938.json
2025-10-02 19:29:38 - __main__ - INFO - ================================================================================
2025-10-02 19:29:38 - __main__ - INFO - 任务执行完成，程序退出
2025-10-02 19:29:38 - __main__ - INFO - 收到退出信号，正在关闭...
2025-10-02 19:29:38 - workflow_tools.scheduler.apscheduler_client - WARNING - 调度器未运行
2025-10-02 19:29:38 - __main__ - INFO - 程序已退出
2025-10-02 19:38:34 - __main__ - INFO - ================================================================================
2025-10-02 19:38:34 - __main__ - INFO - 每日总结工作流启动
2025-10-02 19:38:34 - __main__ - INFO - ================================================================================
2025-10-02 19:38:34 - __main__ - INFO - 正在初始化客户端...
2025-10-02 19:38:34 - __main__ - INFO - 使用QQ邮箱客户端...
2025-10-02 19:38:34 - __main__ - INFO - ✓ QQ邮箱客户端初始化成功
2025-10-02 19:38:34 - __main__ - INFO - ✓ AI客户端初始化成功
2025-10-02 19:38:34 - __main__ - INFO - ✓ 调度器初始化成功
2025-10-02 19:38:34 - __main__ - INFO - 执行模式: 立即执行一次
2025-10-02 19:38:34 - __main__ - INFO - ================================================================================
2025-10-02 19:38:34 - __main__ - INFO - 开始执行每日总结任务 - 2025-10-02 11:38:34
2025-10-02 19:38:34 - __main__ - INFO - ================================================================================
2025-10-02 19:38:34 - __main__ - INFO - 步骤 1/4: 读取邮件...
2025-10-02 19:38:34 - workflow_tools.email.base.generic_imap_client - INFO - 正在连接到IMAP服务器 imap.qq.com:993...
2025-10-02 19:38:34 - workflow_tools.email.base.generic_imap_client - INFO - 正在登录...
2025-10-02 19:38:35 - workflow_tools.email.base.generic_imap_client - INFO - 成功连接到IMAP服务器 (imap.qq.com)
2025-10-02 19:38:35 - workflow_tools.email.base.generic_imap_client - INFO - 找到 2 封符合条件的邮件
2025-10-02 19:38:35 - workflow_tools.email.base.generic_imap_client - INFO - 成功获取 0 封邮件 (从 2 封中过滤)
2025-10-02 19:38:35 - __main__ - INFO - 未找到符合条件的邮件，本次任务结束
2025-10-02 19:38:35 - __main__ - INFO - 历史记录已保存: /Users/jeff/Documents/文稿 - Zhe的Mac mini/codes/daily_summary_outlook/history/history_20251002_113835.json
2025-10-02 19:38:35 - __main__ - INFO - ================================================================================
2025-10-02 19:38:35 - __main__ - INFO - 任务执行完成，程序退出
2025-10-02 19:38:35 - __main__ - INFO - 收到退出信号，正在关闭...
2025-10-02 19:38:35 - workflow_tools.scheduler.apscheduler_client - WARNING - 调度器未运行
2025-10-02 19:38:35 - __main__ - INFO - 程序已退出
